<?xml version="1.0" encoding="UTF-8"?>
<testsuite name="id.co.jari.ocr.CoreUtilsTest" tests="5" skipped="0" failures="0" errors="0" timestamp="2026-09-18T03:22:06.876Z" hostname="192.168.1.2" time="0.003">
  <properties/>
  <testcase name="typo dictionary handles Z S B" classname="id.co.jari.ocr.CoreUtilsTest" time="0.001"/>
  <testcase name="typo dictionary converts O and l to digits for NIK" classname="id.co.jari.ocr.CoreUtilsTest" time="0.0"/>
  <testcase name="pad3 zero pads RT RW" classname="id.co.jari.ocr.CoreUtilsTest" time="0.0"/>
  <testcase name="date parser splits place and converts DD-MM-YYYY to ISO" classname="id.co.jari.ocr.CoreUtilsTest" time="0.001"/>
  <testcase name="date parser rejects impossible date" classname="id.co.jari.ocr.CoreUtilsTest" time="0.001"/>
  <system-out><![CDATA[]]></system-out>
  <system-err><![CDATA[]]></system-err>
</testsuite>
