<?xml version="1.0" encoding="UTF-8"?>
<testsuite name="id.co.jari.ocr.KtpOcrParserTest" tests="9" skipped="0" failures="0" errors="0" timestamp="2026-09-18T03:22:06.880Z" hostname="192.168.1.2" time="0.015">
  <properties/>
  <testcase name="date with OCR letter typos is corrected" classname="id.co.jari.ocr.KtpOcrParserTest" time="0.003"/>
  <testcase name="two column layout with rt rw value fills rt and rw" classname="id.co.jari.ocr.KtpOcrParserTest" time="0.002"/>
  <testcase name="handles separate RT RW without slash" classname="id.co.jari.ocr.KtpOcrParserTest" time="0.001"/>
  <testcase name="two column layout with noisy labels fills values from data to the right" classname="id.co.jari.ocr.KtpOcrParserTest" time="0.003"/>
  <testcase name="parses all core fields" classname="id.co.jari.ocr.KtpOcrParserTest" time="0.001"/>
  <testcase name="NIK with broken digit is flagged" classname="id.co.jari.ocr.KtpOcrParserTest" time="0.0"/>
  <testcase name="parses label and value on separate lines" classname="id.co.jari.ocr.KtpOcrParserTest" time="0.001"/>
  <testcase name="zero pads short RT RW" classname="id.co.jari.ocr.KtpOcrParserTest" time="0.001"/>
  <testcase name="parses NIK recognized as N1K" classname="id.co.jari.ocr.KtpOcrParserTest" time="0.001"/>
  <system-out><![CDATA[]]></system-out>
  <system-err><![CDATA[]]></system-err>
</testsuite>
