<?xml version="1.0" encoding="UTF-8"?>
<testsuite name="id.co.jari.ocr.ConfidenceCalculatorTest" tests="6" skipped="0" failures="0" errors="0" timestamp="2026-09-18T03:22:06.766Z" hostname="192.168.1.2" time="0.023">
  <properties/>
  <testcase name="composite follows brief weights" classname="id.co.jari.ocr.ConfidenceCalculatorTest" time="0.01"/>
  <testcase name="plate validation" classname="id.co.jari.ocr.ConfidenceCalculatorTest" time="0.005"/>
  <testcase name="stnk format confidence" classname="id.co.jari.ocr.ConfidenceCalculatorTest" time="0.004"/>
  <testcase name="ktp format confidence rewards complete fields" classname="id.co.jari.ocr.ConfidenceCalculatorTest" time="0.0"/>
  <testcase name="tier thresholds" classname="id.co.jari.ocr.ConfidenceCalculatorTest" time="0.0"/>
  <testcase name="image quality score" classname="id.co.jari.ocr.ConfidenceCalculatorTest" time="0.0"/>
  <system-out><![CDATA[]]></system-out>
  <system-err><![CDATA[]]></system-err>
</testsuite>
